Determining if the Q_WS_WIN exist failed with the following output:
Change Dir: /home/felipe/Desktop/Reconstruccion_Interpolacion/L1-Skeleton-master/Point Cloud/build/CMakeFiles/CMakeTmp

Run Build Command:"/usr/bin/make" "cmTC_8ceab/fast"
/usr/bin/make -f CMakeFiles/cmTC_8ceab.dir/build.make CMakeFiles/cmTC_8ceab.dir/build
make[1]: Entering directory '/home/felipe/Desktop/Reconstruccion_Interpolacion/L1-Skeleton-master/Point Cloud/build/CMakeFiles/CMakeTmp'
Building CXX object CMakeFiles/cmTC_8ceab.dir/CheckSymbolExists.cxx.o
/usr/bin/c++   -I/usr/include/qt4   -o CMakeFiles/cmTC_8ceab.dir/CheckSymbolExists.cxx.o -c "/home/felipe/Desktop/Reconstruccion_Interpolacion/L1-Skeleton-master/Point Cloud/build/CMakeFiles/CMakeTmp/CheckSymbolExists.cxx"
/home/felipe/Desktop/Reconstruccion_Interpolacion/L1-Skeleton-master/Point Cloud/build/CMakeFiles/CMakeTmp/CheckSymbolExists.cxx: In function ‘int main(int, char**)’:
/home/felipe/Desktop/Reconstruccion_Interpolacion/L1-Skeleton-master/Point Cloud/build/CMakeFiles/CMakeTmp/CheckSymbolExists.cxx:8:19: error: ‘Q_WS_WIN’ was not declared in this scope
   return ((int*)(&Q_WS_WIN))[argc];
                   ^~~~~~~~
/home/felipe/Desktop/Reconstruccion_Interpolacion/L1-Skeleton-master/Point Cloud/build/CMakeFiles/CMakeTmp/CheckSymbolExists.cxx:8:19: note: suggested alternative: ‘Q_WS_X11’
   return ((int*)(&Q_WS_WIN))[argc];
                   ^~~~~~~~
                   Q_WS_X11
CMakeFiles/cmTC_8ceab.dir/build.make:65: recipe for target 'CMakeFiles/cmTC_8ceab.dir/CheckSymbolExists.cxx.o' failed
make[1]: *** [CMakeFiles/cmTC_8ceab.dir/CheckSymbolExists.cxx.o] Error 1
make[1]: Leaving directory '/home/felipe/Desktop/Reconstruccion_Interpolacion/L1-Skeleton-master/Point Cloud/build/CMakeFiles/CMakeTmp'
Makefile:121: recipe for target 'cmTC_8ceab/fast' failed
make: *** [cmTC_8ceab/fast] Error 2

File /home/felipe/Desktop/Reconstruccion_Interpolacion/L1-Skeleton-master/Point Cloud/build/CMakeFiles/CMakeTmp/CheckSymbolExists.cxx:
/* */
#include <QtCore/qglobal.h>

int main(int argc, char** argv)
{
  (void)argv;
#ifndef Q_WS_WIN
  return ((int*)(&Q_WS_WIN))[argc];
#else
  (void)argc;
  return 0;
#endif
}

Determining if the Q_WS_QWS exist failed with the following output:
Change Dir: /home/felipe/Desktop/Reconstruccion_Interpolacion/L1-Skeleton-master/Point Cloud/build/CMakeFiles/CMakeTmp

Run Build Command:"/usr/bin/make" "cmTC_4ca34/fast"
/usr/bin/make -f CMakeFiles/cmTC_4ca34.dir/build.make CMakeFiles/cmTC_4ca34.dir/build
make[1]: Entering directory '/home/felipe/Desktop/Reconstruccion_Interpolacion/L1-Skeleton-master/Point Cloud/build/CMakeFiles/CMakeTmp'
Building CXX object CMakeFiles/cmTC_4ca34.dir/CheckSymbolExists.cxx.o
/usr/bin/c++   -I/usr/include/qt4   -o CMakeFiles/cmTC_4ca34.dir/CheckSymbolExists.cxx.o -c "/home/felipe/Desktop/Reconstruccion_Interpolacion/L1-Skeleton-master/Point Cloud/build/CMakeFiles/CMakeTmp/CheckSymbolExists.cxx"
/home/felipe/Desktop/Reconstruccion_Interpolacion/L1-Skeleton-master/Point Cloud/build/CMakeFiles/CMakeTmp/CheckSymbolExists.cxx: In function ‘int main(int, char**)’:
/home/felipe/Desktop/Reconstruccion_Interpolacion/L1-Skeleton-master/Point Cloud/build/CMakeFiles/CMakeTmp/CheckSymbolExists.cxx:8:19: error: ‘Q_WS_QWS’ was not declared in this scope
   return ((int*)(&Q_WS_QWS))[argc];
                   ^~~~~~~~
/home/felipe/Desktop/Reconstruccion_Interpolacion/L1-Skeleton-master/Point Cloud/build/CMakeFiles/CMakeTmp/CheckSymbolExists.cxx:8:19: note: suggested alternative: ‘Q_WS_X11’
   return ((int*)(&Q_WS_QWS))[argc];
                   ^~~~~~~~
                   Q_WS_X11
CMakeFiles/cmTC_4ca34.dir/build.make:65: recipe for target 'CMakeFiles/cmTC_4ca34.dir/CheckSymbolExists.cxx.o' failed
make[1]: *** [CMakeFiles/cmTC_4ca34.dir/CheckSymbolExists.cxx.o] Error 1
make[1]: Leaving directory '/home/felipe/Desktop/Reconstruccion_Interpolacion/L1-Skeleton-master/Point Cloud/build/CMakeFiles/CMakeTmp'
Makefile:121: recipe for target 'cmTC_4ca34/fast' failed
make: *** [cmTC_4ca34/fast] Error 2

File /home/felipe/Desktop/Reconstruccion_Interpolacion/L1-Skeleton-master/Point Cloud/build/CMakeFiles/CMakeTmp/CheckSymbolExists.cxx:
/* */
#include <QtCore/qglobal.h>

int main(int argc, char** argv)
{
  (void)argv;
#ifndef Q_WS_QWS
  return ((int*)(&Q_WS_QWS))[argc];
#else
  (void)argc;
  return 0;
#endif
}

Determining if the Q_WS_MAC exist failed with the following output:
Change Dir: /home/felipe/Desktop/Reconstruccion_Interpolacion/L1-Skeleton-master/Point Cloud/build/CMakeFiles/CMakeTmp

Run Build Command:"/usr/bin/make" "cmTC_4cc6f/fast"
/usr/bin/make -f CMakeFiles/cmTC_4cc6f.dir/build.make CMakeFiles/cmTC_4cc6f.dir/build
make[1]: Entering directory '/home/felipe/Desktop/Reconstruccion_Interpolacion/L1-Skeleton-master/Point Cloud/build/CMakeFiles/CMakeTmp'
Building CXX object CMakeFiles/cmTC_4cc6f.dir/CheckSymbolExists.cxx.o
/usr/bin/c++   -I/usr/include/qt4   -o CMakeFiles/cmTC_4cc6f.dir/CheckSymbolExists.cxx.o -c "/home/felipe/Desktop/Reconstruccion_Interpolacion/L1-Skeleton-master/Point Cloud/build/CMakeFiles/CMakeTmp/CheckSymbolExists.cxx"
/home/felipe/Desktop/Reconstruccion_Interpolacion/L1-Skeleton-master/Point Cloud/build/CMakeFiles/CMakeTmp/CheckSymbolExists.cxx: In function ‘int main(int, char**)’:
/home/felipe/Desktop/Reconstruccion_Interpolacion/L1-Skeleton-master/Point Cloud/build/CMakeFiles/CMakeTmp/CheckSymbolExists.cxx:8:19: error: ‘Q_WS_MAC’ was not declared in this scope
   return ((int*)(&Q_WS_MAC))[argc];
                   ^~~~~~~~
/home/felipe/Desktop/Reconstruccion_Interpolacion/L1-Skeleton-master/Point Cloud/build/CMakeFiles/CMakeTmp/CheckSymbolExists.cxx:8:19: note: suggested alternative: ‘Q_WS_X11’
   return ((int*)(&Q_WS_MAC))[argc];
                   ^~~~~~~~
                   Q_WS_X11
CMakeFiles/cmTC_4cc6f.dir/build.make:65: recipe for target 'CMakeFiles/cmTC_4cc6f.dir/CheckSymbolExists.cxx.o' failed
make[1]: *** [CMakeFiles/cmTC_4cc6f.dir/CheckSymbolExists.cxx.o] Error 1
make[1]: Leaving directory '/home/felipe/Desktop/Reconstruccion_Interpolacion/L1-Skeleton-master/Point Cloud/build/CMakeFiles/CMakeTmp'
Makefile:121: recipe for target 'cmTC_4cc6f/fast' failed
make: *** [cmTC_4cc6f/fast] Error 2

File /home/felipe/Desktop/Reconstruccion_Interpolacion/L1-Skeleton-master/Point Cloud/build/CMakeFiles/CMakeTmp/CheckSymbolExists.cxx:
/* */
#include <QtCore/qglobal.h>

int main(int argc, char** argv)
{
  (void)argv;
#ifndef Q_WS_MAC
  return ((int*)(&Q_WS_MAC))[argc];
#else
  (void)argc;
  return 0;
#endif
}

